<?xml version="1.0" encoding="UTF-8"?>
<testsuite xmlns:xsi="http://www.w3.org/2001/XMLSchema-instance" xsi:noNamespaceSchemaLocation="https://maven.apache.org/surefire/maven-surefire-plugin/xsd/surefire-test-report-3.0.xsd" version="3.0" name="de.othregensburg.yapnet.controller.AuthControllerTest" time="0.413" tests="28" errors="0" skipped="0" failures="0">
  <properties>
[...]
</properties>
  <testcase name="checkUser_exists" classname="de.othregensburg.yapnet.controller.AuthControllerTest" time="0.026">
    <system-out><![CDATA[02:11:11.642 [main] INFO org.springframework.mock.web.MockServletContext -- Initializing Spring TestDispatcherServlet ''
02:11:11.642 [main] INFO org.springframework.test.web.servlet.TestDispatcherServlet -- Initializing Servlet ''
02:11:11.642 [main] INFO org.springframework.test.web.servlet.TestDispatcherServlet -- Completed initialization in 0 ms
]]></system-out>
  </testcase>
  <testcase name="login_serviceReturnsNull" classname="de.othregensburg.yapnet.controller.AuthControllerTest" time="0.017">
    <system-out><![CDATA[02:11:11.657 [main] INFO org.springframework.mock.web.MockServletContext -- Initializing Spring TestDispatcherServlet ''
02:11:11.657 [main] INFO org.springframework.test.web.servlet.TestDispatcherServlet -- Initializing Servlet ''
02:11:11.658 [main] INFO org.springframework.test.web.servlet.TestDispatcherServlet -- Completed initialization in 1 ms
Login attempt for username: user
Password length: 4
]]></system-out>
    <system-err><![CDATA[Login failed: null response
]]></system-err>
  </testcase>
  <testcase name="login_nullRequest" classname="de.othregensburg.yapnet.controller.AuthControllerTest" time="0.012">
    <system-out><![CDATA[02:11:11.672 [main] INFO org.springframework.mock.web.MockServletContext -- Initializing Spring TestDispatcherServlet ''
02:11:11.673 [main] INFO org.springframework.test.web.servlet.TestDispatcherServlet -- Initializing Servlet ''
02:11:11.673 [main] INFO org.springframework.test.web.servlet.TestDispatcherServlet -- Completed initialization in 0 ms
02:11:11.676 [main] WARN org.springframework.web.servlet.mvc.support.DefaultHandlerExceptionResolver -- Resolved [org.springframework.http.converter.HttpMessageNotReadableException: Required request body is missing: public org.springframework.http.ResponseEntity<de.othregensburg.yapnet.dto.LoginResponseDto> de.othregensburg.yapnet.controller.AuthController.login(de.othregensburg.yapnet.dto.LoginRequestDto)]
]]></system-out>
  </testcase>
  <testcase name="debug_success" classname="de.othregensburg.yapnet.controller.AuthControllerTest" time="0.007">
    <system-out><![CDATA[02:11:11.683 [main] INFO org.springframework.mock.web.MockServletContext -- Initializing Spring TestDispatcherServlet ''
02:11:11.683 [main] INFO org.springframework.test.web.servlet.TestDispatcherServlet -- Initializing Servlet ''
02:11:11.684 [main] INFO org.springframework.test.web.servlet.TestDispatcherServlet -- Completed initialization in 1 ms
]]></system-out>
  </testcase>
  <testcase name="register_nullPassword" classname="de.othregensburg.yapnet.controller.AuthControllerTest" time="0.014">
    <system-out><![CDATA[02:11:11.693 [main] INFO org.springframework.mock.web.MockServletContext -- Initializing Spring TestDispatcherServlet ''
02:11:11.694 [main] INFO org.springframework.test.web.servlet.TestDispatcherServlet -- Initializing Servlet ''
02:11:11.694 [main] INFO org.springframework.test.web.servlet.TestDispatcherServlet -- Completed initialization in 0 ms
Register request received
Request body: de.othregensburg.yapnet.dto.RegisterRequestDto@513bec8c
]]></system-out>
    <system-err><![CDATA[Password is empty or null
]]></system-err>
  </testcase>
  <testcase name="getCurrentUser_invalidToken" classname="de.othregensburg.yapnet.controller.AuthControllerTest" time="0.015">
    <system-out><![CDATA[02:11:11.710 [main] INFO org.springframework.mock.web.MockServletContext -- Initializing Spring TestDispatcherServlet ''
02:11:11.711 [main] INFO org.springframework.test.web.servlet.TestDispatcherServlet -- Initializing Servlet ''
02:11:11.711 [main] INFO org.springframework.test.web.servlet.TestDispatcherServlet -- Completed initialization in 0 ms
]]></system-out>
  </testcase>
  <testcase name="register_missingPassword" classname="de.othregensburg.yapnet.controller.AuthControllerTest" time="0.013">
    <system-out><![CDATA[02:11:11.724 [main] INFO org.springframework.mock.web.MockServletContext -- Initializing Spring TestDispatcherServlet ''
02:11:11.724 [main] INFO org.springframework.test.web.servlet.TestDispatcherServlet -- Initializing Servlet ''
02:11:11.725 [main] INFO org.springframework.test.web.servlet.TestDispatcherServlet -- Completed initialization in 1 ms
Register request received
Request body: de.othregensburg.yapnet.dto.RegisterRequestDto@5923210
]]></system-out>
    <system-err><![CDATA[Password is empty or null
]]></system-err>
  </testcase>
  <testcase name="getCurrentUser_userNotFound" classname="de.othregensburg.yapnet.controller.AuthControllerTest" time="0.104">
    <system-out><![CDATA[02:11:11.736 [main] INFO org.springframework.mock.web.MockServletContext -- Initializing Spring TestDispatcherServlet ''
02:11:11.736 [main] INFO org.springframework.test.web.servlet.TestDispatcherServlet -- Initializing Servlet ''
02:11:11.736 [main] INFO org.springframework.test.web.servlet.TestDispatcherServlet -- Completed initialization in 0 ms
Validating token: eyJhbGciOiJIUzI1NiJ9.eyJzdWIiOi"nonexistent","iat":1751847071,"exp":1751933471}.signature
JWT key: javax.crypto.spec.SecretKeySpec@73f9916
]]></system-out>
    <system-err><![CDATA[Error getting current user: Invalid Base64Url payload: <redacted>
]]></system-err>
  </testcase>
  <testcase name="getCurrentUser_nullToken" classname="de.othregensburg.yapnet.controller.AuthControllerTest" time="0.01">
    <system-out><![CDATA[02:11:11.842 [main] INFO org.springframework.mock.web.MockServletContext -- Initializing Spring TestDispatcherServlet ''
02:11:11.842 [main] INFO org.springframework.test.web.servlet.TestDispatcherServlet -- Initializing Servlet ''
02:11:11.842 [main] INFO org.springframework.test.web.servlet.TestDispatcherServlet -- Completed initialization in 0 ms
]]></system-out>
  </testcase>
  <testcase name="register_nullEmail" classname="de.othregensburg.yapnet.controller.AuthControllerTest" time="0.008">
    <system-out><![CDATA[02:11:11.850 [main] INFO org.springframework.mock.web.MockServletContext -- Initializing Spring TestDispatcherServlet ''
02:11:11.850 [main] INFO org.springframework.test.web.servlet.TestDispatcherServlet -- Initializing Servlet ''
02:11:11.850 [main] INFO org.springframework.test.web.servlet.TestDispatcherServlet -- Completed initialization in 0 ms
Register request received
Request body: de.othregensburg.yapnet.dto.RegisterRequestDto@c3a1d7f
]]></system-out>
    <system-err><![CDATA[Email is empty or null
]]></system-err>
  </testcase>
  <testcase name="login_invalid" classname="de.othregensburg.yapnet.controller.AuthControllerTest" time="0.009">
    <system-out><![CDATA[02:11:11.859 [main] INFO org.springframework.mock.web.MockServletContext -- Initializing Spring TestDispatcherServlet ''
02:11:11.859 [main] INFO org.springframework.test.web.servlet.TestDispatcherServlet -- Initializing Servlet ''
02:11:11.859 [main] INFO org.springframework.test.web.servlet.TestDispatcherServlet -- Completed initialization in 0 ms
Login attempt for username: user
Password length: 5
]]></system-out>
    <system-err><![CDATA[Login failed: Invalid login
]]></system-err>
  </testcase>
  <testcase name="register_serviceReturnsError" classname="de.othregensburg.yapnet.controller.AuthControllerTest" time="0.008">
    <system-out><![CDATA[02:11:11.867 [main] INFO org.springframework.mock.web.MockServletContext -- Initializing Spring TestDispatcherServlet ''
02:11:11.867 [main] INFO org.springframework.test.web.servlet.TestDispatcherServlet -- Initializing Servlet ''
02:11:11.867 [main] INFO org.springframework.test.web.servlet.TestDispatcherServlet -- Completed initialization in 0 ms
Register request received
Request body: de.othregensburg.yapnet.dto.RegisterRequestDto@341c0dfc
Registering user: user
Email: user@example.com
Password length: 4
]]></system-out>
    <system-err><![CDATA[Registration failed: Username already exists
]]></system-err>
  </testcase>
  <testcase name="login_success" classname="de.othregensburg.yapnet.controller.AuthControllerTest" time="0.051">
    <system-out><![CDATA[02:11:11.877 [main] INFO org.springframework.mock.web.MockServletContext -- Initializing Spring TestDispatcherServlet ''
02:11:11.877 [main] INFO org.springframework.test.web.servlet.TestDispatcherServlet -- Initializing Servlet ''
02:11:11.877 [main] INFO org.springframework.test.web.servlet.TestDispatcherServlet -- Completed initialization in 0 ms
Login attempt for username: user
Password length: 4
Login service response: de.othregensburg.yapnet.dto.LoginResponseDto@75b25ec3
Username from response: user
Email from response: user@example.com
Error message: null
Generated JWT token for user: user
Final response to send: de.othregensburg.yapnet.dto.LoginResponseDto@26f7b114
]]></system-out>
  </testcase>
  <testcase name="debug_exception" classname="de.othregensburg.yapnet.controller.AuthControllerTest" time="0.007">
    <system-out><![CDATA[02:11:11.927 [main] INFO org.springframework.mock.web.MockServletContext -- Initializing Spring TestDispatcherServlet ''
02:11:11.927 [main] INFO org.springframework.test.web.servlet.TestDispatcherServlet -- Initializing Servlet ''
02:11:11.927 [main] INFO org.springframework.test.web.servlet.TestDispatcherServlet -- Completed initialization in 0 ms
]]></system-out>
  </testcase>
  <testcase name="login_serviceThrowsException" classname="de.othregensburg.yapnet.controller.AuthControllerTest" time="0.007">
    <system-out><![CDATA[02:11:11.933 [main] INFO org.springframework.mock.web.MockServletContext -- Initializing Spring TestDispatcherServlet ''
02:11:11.933 [main] INFO org.springframework.test.web.servlet.TestDispatcherServlet -- Initializing Servlet ''
02:11:11.933 [main] INFO org.springframework.test.web.servlet.TestDispatcherServlet -- Completed initialization in 0 ms
Login attempt for username: user
Password length: 4
]]></system-out>
    <system-err><![CDATA[Unexpected error during login: Database error
java.lang.RuntimeException: Database error
	at de.othregensburg.yapnet.service.UserService.login(UserService.java:223)
	at de.othregensburg.yapnet.controller.AuthController.login(AuthController.java:200)
	at java.base/jdk.internal.reflect.DirectMethodHandleAccessor.invoke(DirectMethodHandleAccessor.java:103)
	at java.base/java.lang.reflect.Method.invoke(Method.java:580)
	at org.springframework.web.method.support.InvocableHandlerMethod.doInvoke(InvocableHandlerMethod.java:207)
	at org.springframework.web.method.support.InvocableHandlerMethod.invokeForRequest(InvocableHandlerMethod.java:152)
	at org.springframework.web.servlet.mvc.method.annotation.ServletInvocableHandlerMethod.invokeAndHandle(ServletInvocableHandlerMethod.java:118)
	at org.springframework.web.servlet.mvc.method.annotation.RequestMappingHandlerAdapter.invokeHandlerMethod(RequestMappingHandlerAdapter.java:884)
	at org.springframework.web.servlet.mvc.method.annotation.RequestMappingHandlerAdapter.handleInternal(RequestMappingHandlerAdapter.java:797)
	at org.springframework.web.servlet.mvc.method.AbstractHandlerMethodAdapter.handle(AbstractHandlerMethodAdapter.java:87)
	at org.springframework.web.servlet.DispatcherServlet.doDispatch(DispatcherServlet.java:1081)
	at org.springframework.web.servlet.DispatcherServlet.doService(DispatcherServlet.java:974)
	at org.springframework.web.servlet.FrameworkServlet.processRequest(FrameworkServlet.java:1011)
	at org.springframework.web.servlet.FrameworkServlet.doPost(FrameworkServlet.java:914)
	at jakarta.servlet.http.HttpServlet.service(HttpServlet.java:590)
	at org.springframework.web.servlet.FrameworkServlet.service(FrameworkServlet.java:885)
	at org.springframework.test.web.servlet.TestDispatcherServlet.service(TestDispatcherServlet.java:72)
	at jakarta.servlet.http.HttpServlet.service(HttpServlet.java:658)
	at org.springframework.mock.web.MockFilterChain$ServletFilterProxy.doFilter(MockFilterChain.java:165)
	at org.springframework.mock.web.MockFilterChain.doFilter(MockFilterChain.java:132)
	at org.springframework.test.web.servlet.MockMvc.perform(MockMvc.java:201)
	at de.othregensburg.yapnet.controller.AuthControllerTest.login_serviceThrowsException(AuthControllerTest.java:228)
	at java.base/jdk.internal.reflect.DirectMethodHandleAccessor.invoke(DirectMethodHandleAccessor.java:103)
	at java.base/java.lang.reflect.Method.invoke(Method.java:580)
	at org.junit.platform.commons.util.ReflectionUtils.invokeMethod(ReflectionUtils.java:727)
	at org.junit.jupiter.engine.execution.MethodInvocation.proceed(MethodInvocation.java:60)
	at org.junit.jupiter.engine.execution.InvocationInterceptorChain$ValidatingInvocation.proceed(InvocationInterceptorChain.java:131)
	at org.junit.jupiter.engine.extension.TimeoutExtension.intercept(TimeoutExtension.java:156)
	at org.junit.jupiter.engine.extension.TimeoutExtension.interceptTestableMethod(TimeoutExtension.java:147)
	at org.junit.jupiter.engine.extension.TimeoutExtension.interceptTestMethod(TimeoutExtension.java:86)
	at org.junit.jupiter.engine.execution.InterceptingExecutableInvoker$ReflectiveInterceptorCall.lambda$ofVoidMethod$0(InterceptingExecutableInvoker.java:103)
	at org.junit.jupiter.engine.execution.InterceptingExecutableInvoker.lambda$invoke$0(InterceptingExecutableInvoker.java:93)
	at org.junit.jupiter.engine.execution.InvocationInterceptorChain$InterceptedInvocation.proceed(InvocationInterceptorChain.java:106)
	at org.junit.jupiter.engine.execution.InvocationInterceptorChain.proceed(InvocationInterceptorChain.java:64)
	at org.junit.jupiter.engine.execution.InvocationInterceptorChain.chainAndInvoke(InvocationInterceptorChain.java:45)
	at org.junit.jupiter.engine.execution.InvocationInterceptorChain.invoke(InvocationInterceptorChain.java:37)
	at org.junit.jupiter.engine.execution.InterceptingExecutableInvoker.invoke(InterceptingExecutableInvoker.java:92)
	at org.junit.jupiter.engine.execution.InterceptingExecutableInvoker.invoke(InterceptingExecutableInvoker.java:86)
	at org.junit.jupiter.engine.descriptor.TestMethodTestDescriptor.lambda$invokeTestMethod$7(TestMethodTestDescriptor.java:217)
	at org.junit.platform.engine.support.hierarchical.ThrowableCollector.execute(ThrowableCollector.java:73)
	at org.junit.jupiter.engine.descriptor.TestMethodTestDescriptor.invokeTestMethod(TestMethodTestDescriptor.java:213)
	at org.junit.jupiter.engine.descriptor.TestMethodTestDescriptor.execute(TestMethodTestDescriptor.java:138)
	at org.junit.jupiter.engine.descriptor.TestMethodTestDescriptor.execute(TestMethodTestDescriptor.java:68)
	at org.junit.platform.engine.support.hierarchical.NodeTestTask.lambda$executeRecursively$6(NodeTestTask.java:151)
	at org.junit.platform.engine.support.hierarchical.ThrowableCollector.execute(ThrowableCollector.java:73)
	at org.junit.platform.engine.support.hierarchical.NodeTestTask.lambda$executeRecursively$8(NodeTestTask.java:141)
	at org.junit.platform.engine.support.hierarchical.Node.around(Node.java:137)
	at org.junit.platform.engine.support.hierarchical.NodeTestTask.lambda$executeRecursively$9(NodeTestTask.java:139)
	at org.junit.platform.engine.support.hierarchical.ThrowableCollector.execute(ThrowableCollector.java:73)
	at org.junit.platform.engine.support.hierarchical.NodeTestTask.executeRecursively(NodeTestTask.java:138)
	at org.junit.platform.engine.support.hierarchical.NodeTestTask.execute(NodeTestTask.java:95)
	at java.base/java.util.ArrayList.forEach(ArrayList.java:1597)
	at org.junit.platform.engine.support.hierarchical.SameThreadHierarchicalTestExecutorService.invokeAll(SameThreadHierarchicalTestExecutorService.java:41)
	at org.junit.platform.engine.support.hierarchical.NodeTestTask.lambda$executeRecursively$6(NodeTestTask.java:155)
	at org.junit.platform.engine.support.hierarchical.ThrowableCollector.execute(ThrowableCollector.java:73)
	at org.junit.platform.engine.support.hierarchical.NodeTestTask.lambda$executeRecursively$8(NodeTestTask.java:141)
	at org.junit.platform.engine.support.hierarchical.Node.around(Node.java:137)
	at org.junit.platform.engine.support.hierarchical.NodeTestTask.lambda$executeRecursively$9(NodeTestTask.java:139)
	at org.junit.platform.engine.support.hierarchical.ThrowableCollector.execute(ThrowableCollector.java:73)
	at org.junit.platform.engine.support.hierarchical.NodeTestTask.executeRecursively(NodeTestTask.java:138)
	at org.junit.platform.engine.support.hierarchical.NodeTestTask.execute(NodeTestTask.java:95)
	at java.base/java.util.ArrayList.forEach(ArrayList.java:1597)
	at org.junit.platform.engine.support.hierarchical.SameThreadHierarchicalTestExecutorService.invokeAll(SameThreadHierarchicalTestExecutorService.java:41)
	at org.junit.platform.engine.support.hierarchical.NodeTestTask.lambda$executeRecursively$6(NodeTestTask.java:155)
	at org.junit.platform.engine.support.hierarchical.ThrowableCollector.execute(ThrowableCollector.java:73)
	at org.junit.platform.engine.support.hierarchical.NodeTestTask.lambda$executeRecursively$8(NodeTestTask.java:141)
	at org.junit.platform.engine.support.hierarchical.Node.around(Node.java:137)
	at org.junit.platform.engine.support.hierarchical.NodeTestTask.lambda$executeRecursively$9(NodeTestTask.java:139)
	at org.junit.platform.engine.support.hierarchical.ThrowableCollector.execute(ThrowableCollector.java:73)
	at org.junit.platform.engine.support.hierarchical.NodeTestTask.executeRecursively(NodeTestTask.java:138)
	at org.junit.platform.engine.support.hierarchical.NodeTestTask.execute(NodeTestTask.java:95)
	at org.junit.platform.engine.support.hierarchical.SameThreadHierarchicalTestExecutorService.submit(SameThreadHierarchicalTestExecutorService.java:35)
	at org.junit.platform.engine.support.hierarchical.HierarchicalTestExecutor.execute(HierarchicalTestExecutor.java:57)
	at org.junit.platform.engine.support.hierarchical.HierarchicalTestEngine.execute(HierarchicalTestEngine.java:54)
	at org.junit.platform.launcher.core.EngineExecutionOrchestrator.execute(EngineExecutionOrchestrator.java:147)
	at org.junit.platform.launcher.core.EngineExecutionOrchestrator.execute(EngineExecutionOrchestrator.java:127)
	at org.junit.platform.launcher.core.EngineExecutionOrchestrator.execute(EngineExecutionOrchestrator.java:90)
	at org.junit.platform.launcher.core.EngineExecutionOrchestrator.lambda$execute$0(EngineExecutionOrchestrator.java:55)
	at org.junit.platform.launcher.core.EngineExecutionOrchestrator.withInterceptedStreams(EngineExecutionOrchestrator.java:102)
	at org.junit.platform.launcher.core.EngineExecutionOrchestrator.execute(EngineExecutionOrchestrator.java:54)
	at org.junit.platform.launcher.core.DefaultLauncher.execute(DefaultLauncher.java:114)
	at org.junit.platform.launcher.core.DefaultLauncher.execute(DefaultLauncher.java:86)
	at org.junit.platform.launcher.core.DefaultLauncherSession$DelegatingLauncher.execute(DefaultLauncherSession.java:86)
	at org.apache.maven.surefire.junitplatform.LazyLauncher.execute(LazyLauncher.java:56)
	at org.apache.maven.surefire.junitplatform.JUnitPlatformProvider.execute(JUnitPlatformProvider.java:184)
	at org.apache.maven.surefire.junitplatform.JUnitPlatformProvider.invokeAllTests(JUnitPlatformProvider.java:148)
	at org.apache.maven.surefire.junitplatform.JUnitPlatformProvider.invoke(JUnitPlatformProvider.java:122)
	at org.apache.maven.surefire.booter.ForkedBooter.runSuitesInProcess(ForkedBooter.java:385)
	at org.apache.maven.surefire.booter.ForkedBooter.execute(ForkedBooter.java:162)
	at org.apache.maven.surefire.booter.ForkedBooter.run(ForkedBooter.java:507)
	at org.apache.maven.surefire.booter.ForkedBooter.main(ForkedBooter.java:495)
]]></system-err>
  </testcase>
  <testcase name="login_nullUsername" classname="de.othregensburg.yapnet.controller.AuthControllerTest" time="0.007">
    <system-out><![CDATA[02:11:11.942 [main] INFO org.springframework.mock.web.MockServletContext -- Initializing Spring TestDispatcherServlet ''
02:11:11.942 [main] INFO org.springframework.test.web.servlet.TestDispatcherServlet -- Initializing Servlet ''
02:11:11.942 [main] INFO org.springframework.test.web.servlet.TestDispatcherServlet -- Completed initialization in 0 ms
Login attempt for username: null
Password length: 4
]]></system-out>
    <system-err><![CDATA[Invalid login request: de.othregensburg.yapnet.dto.LoginRequestDto@784c74e
]]></system-err>
  </testcase>
  <testcase name="register_success" classname="de.othregensburg.yapnet.controller.AuthControllerTest" time="0.018">
    <system-out><![CDATA[02:11:11.958 [main] INFO org.springframework.mock.web.MockServletContext -- Initializing Spring TestDispatcherServlet ''
02:11:11.958 [main] INFO org.springframework.test.web.servlet.TestDispatcherServlet -- Initializing Servlet ''
02:11:11.958 [main] INFO org.springframework.test.web.servlet.TestDispatcherServlet -- Completed initialization in 0 ms
Register request received
Request body: de.othregensburg.yapnet.dto.RegisterRequestDto@377cc0f8
Registering user: user
Email: user@example.com
Password length: 4
Registration successful
]]></system-out>
  </testcase>
  <testcase name="register_missingEmail" classname="de.othregensburg.yapnet.controller.AuthControllerTest" time="0.006">
    <system-out><![CDATA[02:11:11.966 [main] INFO org.springframework.mock.web.MockServletContext -- Initializing Spring TestDispatcherServlet ''
02:11:11.967 [main] INFO org.springframework.test.web.servlet.TestDispatcherServlet -- Initializing Servlet ''
02:11:11.967 [main] INFO org.springframework.test.web.servlet.TestDispatcherServlet -- Completed initialization in 0 ms
Register request received
Request body: de.othregensburg.yapnet.dto.RegisterRequestDto@ad6255e
]]></system-out>
    <system-err><![CDATA[Email is empty or null
]]></system-err>
  </testcase>
  <testcase name="getCurrentUser_serverError" classname="de.othregensburg.yapnet.controller.AuthControllerTest" time="0.007">
    <system-out><![CDATA[02:11:11.974 [main] INFO org.springframework.mock.web.MockServletContext -- Initializing Spring TestDispatcherServlet ''
02:11:11.974 [main] INFO org.springframework.test.web.servlet.TestDispatcherServlet -- Initializing Servlet ''
02:11:11.974 [main] INFO org.springframework.test.web.servlet.TestDispatcherServlet -- Completed initialization in 0 ms
Validating token: eyJhbGciOiJIUzI1NiJ9.eyJzdWIiOi"testuser","iat":1751847071,"exp":1751933471}.signature
JWT key: javax.crypto.spec.SecretKeySpec@73f9916
]]></system-out>
    <system-err><![CDATA[Error getting current user: Invalid Base64Url payload: <redacted>
]]></system-err>
  </testcase>
  <testcase name="register_serviceThrowsException" classname="de.othregensburg.yapnet.controller.AuthControllerTest" time="0.008">
    <system-out><![CDATA[02:11:11.980 [main] INFO org.springframework.mock.web.MockServletContext -- Initializing Spring TestDispatcherServlet ''
02:11:11.980 [main] INFO org.springframework.test.web.servlet.TestDispatcherServlet -- Initializing Servlet ''
02:11:11.980 [main] INFO org.springframework.test.web.servlet.TestDispatcherServlet -- Completed initialization in 0 ms
Register request received
Request body: de.othregensburg.yapnet.dto.RegisterRequestDto@662b199
Registering user: user
Email: user@example.com
Password length: 4
]]></system-out>
    <system-err><![CDATA[Unexpected error during registration: Database error
Stack trace: java.lang.RuntimeException: Database error
	at de.othregensburg.yapnet.service.UserService.register(UserService.java:148)
	at de.othregensburg.yapnet.controller.AuthController.register(AuthController.java:153)
	at java.base/jdk.internal.reflect.DirectMethodHandleAccessor.invoke(DirectMethodHandleAccessor.java:103)
	at java.base/java.lang.reflect.Method.invoke(Method.java:580)
	at org.springframework.web.method.support.InvocableHandlerMethod.doInvoke(InvocableHandlerMethod.java:207)
	at org.springframework.web.method.support.InvocableHandlerMethod.invokeForRequest(InvocableHandlerMethod.java:152)
	at org.springframework.web.servlet.mvc.method.annotation.ServletInvocableHandlerMethod.invokeAndHandle(ServletInvocableHandlerMethod.java:118)
	at org.springframework.web.servlet.mvc.method.annotation.RequestMappingHandlerAdapter.invokeHandlerMethod(RequestMappingHandlerAdapter.java:884)
	at org.springframework.web.servlet.mvc.method.annotation.RequestMappingHandlerAdapter.handleInternal(RequestMappingHandlerAdapter.java:797)
	at org.springframework.web.servlet.mvc.method.AbstractHandlerMethodAdapter.handle(AbstractHandlerMethodAdapter.java:87)
	at org.springframework.web.servlet.DispatcherServlet.doDispatch(DispatcherServlet.java:1081)
	at org.springframework.web.servlet.DispatcherServlet.doService(DispatcherServlet.java:974)
	at org.springframework.web.servlet.FrameworkServlet.processRequest(FrameworkServlet.java:1011)
	at org.springframework.web.servlet.FrameworkServlet.doPost(FrameworkServlet.java:914)
	at jakarta.servlet.http.HttpServlet.service(HttpServlet.java:590)
	at org.springframework.web.servlet.FrameworkServlet.service(FrameworkServlet.java:885)
	at org.springframework.test.web.servlet.TestDispatcherServlet.service(TestDispatcherServlet.java:72)
	at jakarta.servlet.http.HttpServlet.service(HttpServlet.java:658)
	at org.springframework.mock.web.MockFilterChain$ServletFilterProxy.doFilter(MockFilterChain.java:165)
	at org.springframework.mock.web.MockFilterChain.doFilter(MockFilterChain.java:132)
	at org.springframework.test.web.servlet.MockMvc.perform(MockMvc.java:201)
	at de.othregensburg.yapnet.controller.AuthControllerTest.register_serviceThrowsException(AuthControllerTest.java:154)
	at java.base/jdk.internal.reflect.DirectMethodHandleAccessor.invoke(DirectMethodHandleAccessor.java:103)
	at java.base/java.lang.reflect.Method.invoke(Method.java:580)
	at org.junit.platform.commons.util.ReflectionUtils.invokeMethod(ReflectionUtils.java:727)
	at org.junit.jupiter.engine.execution.MethodInvocation.proceed(MethodInvocation.java:60)
	at org.junit.jupiter.engine.execution.InvocationInterceptorChain$ValidatingInvocation.proceed(InvocationInterceptorChain.java:131)
	at org.junit.jupiter.engine.extension.TimeoutExtension.intercept(TimeoutExtension.java:156)
	at org.junit.jupiter.engine.extension.TimeoutExtension.interceptTestableMethod(TimeoutExtension.java:147)
	at org.junit.jupiter.engine.extension.TimeoutExtension.interceptTestMethod(TimeoutExtension.java:86)
	at org.junit.jupiter.engine.execution.InterceptingExecutableInvoker$ReflectiveInterceptorCall.lambda$ofVoidMethod$0(InterceptingExecutableInvoker.java:103)
	at org.junit.jupiter.engine.execution.InterceptingExecutableInvoker.lambda$invoke$0(InterceptingExecutableInvoker.java:93)
	at org.junit.jupiter.engine.execution.InvocationInterceptorChain$InterceptedInvocation.proceed(InvocationInterceptorChain.java:106)
	at org.junit.jupiter.engine.execution.InvocationInterceptorChain.proceed(InvocationInterceptorChain.java:64)
	at org.junit.jupiter.engine.execution.InvocationInterceptorChain.chainAndInvoke(InvocationInterceptorChain.java:45)
	at org.junit.jupiter.engine.execution.InvocationInterceptorChain.invoke(InvocationInterceptorChain.java:37)
	at org.junit.jupiter.engine.execution.InterceptingExecutableInvoker.invoke(InterceptingExecutableInvoker.java:92)
	at org.junit.jupiter.engine.execution.InterceptingExecutableInvoker.invoke(InterceptingExecutableInvoker.java:86)
	at org.junit.jupiter.engine.descriptor.TestMethodTestDescriptor.lambda$invokeTestMethod$7(TestMethodTestDescriptor.java:217)
	at org.junit.platform.engine.support.hierarchical.ThrowableCollector.execute(ThrowableCollector.java:73)
	at org.junit.jupiter.engine.descriptor.TestMethodTestDescriptor.invokeTestMethod(TestMethodTestDescriptor.java:213)
	at org.junit.jupiter.engine.descriptor.TestMethodTestDescriptor.execute(TestMethodTestDescriptor.java:138)
	at org.junit.jupiter.engine.descriptor.TestMethodTestDescriptor.execute(TestMethodTestDescriptor.java:68)
	at org.junit.platform.engine.support.hierarchical.NodeTestTask.lambda$executeRecursively$6(NodeTestTask.java:151)
	at org.junit.platform.engine.support.hierarchical.ThrowableCollector.execute(ThrowableCollector.java:73)
	at org.junit.platform.engine.support.hierarchical.NodeTestTask.lambda$executeRecursively$8(NodeTestTask.java:141)
	at org.junit.platform.engine.support.hierarchical.Node.around(Node.java:137)
	at org.junit.platform.engine.support.hierarchical.NodeTestTask.lambda$executeRecursively$9(NodeTestTask.java:139)
	at org.junit.platform.engine.support.hierarchical.ThrowableCollector.execute(ThrowableCollector.java:73)
	at org.junit.platform.engine.support.hierarchical.NodeTestTask.executeRecursively(NodeTestTask.java:138)
	at org.junit.platform.engine.support.hierarchical.NodeTestTask.execute(NodeTestTask.java:95)
	at java.base/java.util.ArrayList.forEach(ArrayList.java:1597)
	at org.junit.platform.engine.support.hierarchical.SameThreadHierarchicalTestExecutorService.invokeAll(SameThreadHierarchicalTestExecutorService.java:41)
	at org.junit.platform.engine.support.hierarchical.NodeTestTask.lambda$executeRecursively$6(NodeTestTask.java:155)
	at org.junit.platform.engine.support.hierarchical.ThrowableCollector.execute(ThrowableCollector.java:73)
	at org.junit.platform.engine.support.hierarchical.NodeTestTask.lambda$executeRecursively$8(NodeTestTask.java:141)
	at org.junit.platform.engine.support.hierarchical.Node.around(Node.java:137)
	at org.junit.platform.engine.support.hierarchical.NodeTestTask.lambda$executeRecursively$9(NodeTestTask.java:139)
	at org.junit.platform.engine.support.hierarchical.ThrowableCollector.execute(ThrowableCollector.java:73)
	at org.junit.platform.engine.support.hierarchical.NodeTestTask.executeRecursively(NodeTestTask.java:138)
	at org.junit.platform.engine.support.hierarchical.NodeTestTask.execute(NodeTestTask.java:95)
	at java.base/java.util.ArrayList.forEach(ArrayList.java:1597)
	at org.junit.platform.engine.support.hierarchical.SameThreadHierarchicalTestExecutorService.invokeAll(SameThreadHierarchicalTestExecutorService.java:41)
	at org.junit.platform.engine.support.hierarchical.NodeTestTask.lambda$executeRecursively$6(NodeTestTask.java:155)
	at org.junit.platform.engine.support.hierarchical.ThrowableCollector.execute(ThrowableCollector.java:73)
	at org.junit.platform.engine.support.hierarchical.NodeTestTask.lambda$executeRecursively$8(NodeTestTask.java:141)
	at org.junit.platform.engine.support.hierarchical.Node.around(Node.java:137)
	at org.junit.platform.engine.support.hierarchical.NodeTestTask.lambda$executeRecursively$9(NodeTestTask.java:139)
	at org.junit.platform.engine.support.hierarchical.ThrowableCollector.execute(ThrowableCollector.java:73)
	at org.junit.platform.engine.support.hierarchical.NodeTestTask.executeRecursively(NodeTestTask.java:138)
	at org.junit.platform.engine.support.hierarchical.NodeTestTask.execute(NodeTestTask.java:95)
	at org.junit.platform.engine.support.hierarchical.SameThreadHierarchicalTestExecutorService.submit(SameThreadHierarchicalTestExecutorService.java:35)
	at org.junit.platform.engine.support.hierarchical.HierarchicalTestExecutor.execute(HierarchicalTestExecutor.java:57)
	at org.junit.platform.engine.support.hierarchical.HierarchicalTestEngine.execute(HierarchicalTestEngine.java:54)
	at org.junit.platform.launcher.core.EngineExecutionOrchestrator.execute(EngineExecutionOrchestrator.java:147)
	at org.junit.platform.launcher.core.EngineExecutionOrchestrator.execute(EngineExecutionOrchestrator.java:127)
	at org.junit.platform.launcher.core.EngineExecutionOrchestrator.execute(EngineExecutionOrchestrator.java:90)
	at org.junit.platform.launcher.core.EngineExecutionOrchestrator.lambda$execute$0(EngineExecutionOrchestrator.java:55)
	at org.junit.platform.launcher.core.EngineExecutionOrchestrator.withInterceptedStreams(EngineExecutionOrchestrator.java:102)
	at org.junit.platform.launcher.core.EngineExecutionOrchestrator.execute(EngineExecutionOrchestrator.java:54)
	at org.junit.platform.launcher.core.DefaultLauncher.execute(DefaultLauncher.java:114)
	at org.junit.platform.launcher.core.DefaultLauncher.execute(DefaultLauncher.java:86)
	at org.junit.platform.launcher.core.DefaultLauncherSession$DelegatingLauncher.execute(DefaultLauncherSession.java:86)
	at org.apache.maven.surefire.junitplatform.LazyLauncher.execute(LazyLauncher.java:56)
	at org.apache.maven.surefire.junitplatform.JUnitPlatformProvider.execute(JUnitPlatformProvider.java:184)
	at org.apache.maven.surefire.junitplatform.JUnitPlatformProvider.invokeAllTests(JUnitPlatformProvider.java:148)
	at org.apache.maven.surefire.junitplatform.JUnitPlatformProvider.invoke(JUnitPlatformProvider.java:122)
	at org.apache.maven.surefire.booter.ForkedBooter.runSuitesInProcess(ForkedBooter.java:385)
	at org.apache.maven.surefire.booter.ForkedBooter.execute(ForkedBooter.java:162)
	at org.apache.maven.surefire.booter.ForkedBooter.run(ForkedBooter.java:507)
	at org.apache.maven.surefire.booter.ForkedBooter.main(ForkedBooter.java:495)

]]></system-err>
  </testcase>
  <testcase name="getCurrentUser_invalidTokenFormat" classname="de.othregensburg.yapnet.controller.AuthControllerTest" time="0.006">
    <system-out><![CDATA[02:11:11.988 [main] INFO org.springframework.mock.web.MockServletContext -- Initializing Spring TestDispatcherServlet ''
02:11:11.988 [main] INFO org.springframework.test.web.servlet.TestDispatcherServlet -- Initializing Servlet ''
02:11:11.988 [main] INFO org.springframework.test.web.servlet.TestDispatcherServlet -- Completed initialization in 0 ms
]]></system-out>
  </testcase>
  <testcase name="register_nullUsername" classname="de.othregensburg.yapnet.controller.AuthControllerTest" time="0.006">
    <system-out><![CDATA[02:11:11.994 [main] INFO org.springframework.mock.web.MockServletContext -- Initializing Spring TestDispatcherServlet ''
02:11:11.994 [main] INFO org.springframework.test.web.servlet.TestDispatcherServlet -- Initializing Servlet ''
02:11:11.994 [main] INFO org.springframework.test.web.servlet.TestDispatcherServlet -- Completed initialization in 0 ms
Register request received
Request body: de.othregensburg.yapnet.dto.RegisterRequestDto@47f4dc8d
]]></system-out>
    <system-err><![CDATA[Username is empty or null
]]></system-err>
  </testcase>
  <testcase name="register_nullRequest" classname="de.othregensburg.yapnet.controller.AuthControllerTest" time="0.005">
    <system-out><![CDATA[02:11:12.000 [main] INFO org.springframework.mock.web.MockServletContext -- Initializing Spring TestDispatcherServlet ''
02:11:12.000 [main] INFO org.springframework.test.web.servlet.TestDispatcherServlet -- Initializing Servlet ''
02:11:12.000 [main] INFO org.springframework.test.web.servlet.TestDispatcherServlet -- Completed initialization in 0 ms
02:11:12.001 [main] WARN org.springframework.web.servlet.mvc.support.DefaultHandlerExceptionResolver -- Resolved [org.springframework.http.converter.HttpMessageNotReadableException: Required request body is missing: public org.springframework.http.ResponseEntity<de.othregensburg.yapnet.dto.LoginResponseDto> de.othregensburg.yapnet.controller.AuthController.register(de.othregensburg.yapnet.dto.RegisterRequestDto)]
]]></system-out>
  </testcase>
  <testcase name="login_nullPassword" classname="de.othregensburg.yapnet.controller.AuthControllerTest" time="0.006">
    <system-out><![CDATA[02:11:12.006 [main] INFO org.springframework.mock.web.MockServletContext -- Initializing Spring TestDispatcherServlet ''
02:11:12.006 [main] INFO org.springframework.test.web.servlet.TestDispatcherServlet -- Initializing Servlet ''
02:11:12.006 [main] INFO org.springframework.test.web.servlet.TestDispatcherServlet -- Completed initialization in 0 ms
Login attempt for username: user
Password length: 0
]]></system-out>
    <system-err><![CDATA[Invalid login request: de.othregensburg.yapnet.dto.LoginRequestDto@5d3a238
]]></system-err>
  </testcase>
  <testcase name="checkUser_notExists" classname="de.othregensburg.yapnet.controller.AuthControllerTest" time="0.005">
    <system-out><![CDATA[02:11:12.012 [main] INFO org.springframework.mock.web.MockServletContext -- Initializing Spring TestDispatcherServlet ''
02:11:12.012 [main] INFO org.springframework.test.web.servlet.TestDispatcherServlet -- Initializing Servlet ''
02:11:12.012 [main] INFO org.springframework.test.web.servlet.TestDispatcherServlet -- Completed initialization in 0 ms
]]></system-out>
  </testcase>
  <testcase name="register_missingUsername" classname="de.othregensburg.yapnet.controller.AuthControllerTest" time="0.006">
    <system-out><![CDATA[02:11:12.018 [main] INFO org.springframework.mock.web.MockServletContext -- Initializing Spring TestDispatcherServlet ''
02:11:12.018 [main] INFO org.springframework.test.web.servlet.TestDispatcherServlet -- Initializing Servlet ''
02:11:12.018 [main] INFO org.springframework.test.web.servlet.TestDispatcherServlet -- Completed initialization in 0 ms
Register request received
Request body: de.othregensburg.yapnet.dto.RegisterRequestDto@679886ad
]]></system-out>
    <system-err><![CDATA[Username is empty or null
]]></system-err>
  </testcase>
  <testcase name="register_serviceReturnsNull" classname="de.othregensburg.yapnet.controller.AuthControllerTest" time="0.007">
    <system-out><![CDATA[02:11:12.025 [main] INFO org.springframework.mock.web.MockServletContext -- Initializing Spring TestDispatcherServlet ''
02:11:12.025 [main] INFO org.springframework.test.web.servlet.TestDispatcherServlet -- Initializing Servlet ''
02:11:12.025 [main] INFO org.springframework.test.web.servlet.TestDispatcherServlet -- Completed initialization in 0 ms
Register request received
Request body: de.othregensburg.yapnet.dto.RegisterRequestDto@69ee0861
Registering user: user
Email: user@example.com
Password length: 4
]]></system-out>
    <system-err><![CDATA[User service returned null response
]]></system-err>
  </testcase>
  <testcase name="checkUser_exception" classname="de.othregensburg.yapnet.controller.AuthControllerTest" time="0.006">
    <system-out><![CDATA[02:11:12.031 [main] INFO org.springframework.mock.web.MockServletContext -- Initializing Spring TestDispatcherServlet ''
02:11:12.031 [main] INFO org.springframework.test.web.servlet.TestDispatcherServlet -- Initializing Servlet ''
02:11:12.031 [main] INFO org.springframework.test.web.servlet.TestDispatcherServlet -- Completed initialization in 0 ms
]]></system-out>
  </testcase>
</testsuite>